[debug] [2025-11-27T09:24:51.037Z] ----------------------------------------------------------------------
[debug] [2025-11-27T09:24:51.040Z] Command:       C:\nvm4w\nodejs\node.exe C:\nvm4w\nodejs\node_modules\firebase-tools\lib\bin\firebase.js init hosting
[debug] [2025-11-27T09:24:51.042Z] CLI Version:   14.9.0
[debug] [2025-11-27T09:24:51.042Z] Platform:      win32
[debug] [2025-11-27T09:24:51.042Z] Node Version:  v22.17.0
[debug] [2025-11-27T09:24:51.043Z] Time:          Thu Nov 27 2025 12:24:51 GMT+0300 (Arabian Standard Time)
[debug] [2025-11-27T09:24:51.043Z] ----------------------------------------------------------------------
[debug] 
[debug] [2025-11-27T09:24:51.046Z] >>> [apiv2][query] GET https://firebase-public.firebaseio.com/cli.json [none]
[debug] [2025-11-27T09:24:51.132Z] > command requires scopes: ["email","openid","https://www.googleapis.com/auth/cloudplatformprojects.readonly","https://www.googleapis.com/auth/firebase","https://www.googleapis.com/auth/cloud-platform"]
[debug] [2025-11-27T09:24:51.132Z] > authorizing via signed-in user (mohammedbh76@gmail.com)
[info] 
     ######## #### ########  ######## ########     ###     ######  ########
     ##        ##  ##     ## ##       ##     ##  ##   ##  ##       ##
     ######    ##  ########  ######   ########  #########  ######  ######
     ##        ##  ##    ##  ##       ##     ## ##     ##       ## ##
     ##       #### ##     ## ######## ########  ##     ##  ######  ########

You're about to initialize a Firebase project in this directory:

  C:\Users\User\Documents\MyProjects\quran-center

[debug] [2025-11-27T09:24:51.728Z] <<< [apiv2][status] GET https://firebase-public.firebaseio.com/cli.json 200
[debug] [2025-11-27T09:24:51.728Z] <<< [apiv2][body] GET https://firebase-public.firebaseio.com/cli.json {"cloudBuildErrorAfter":1594252800000,"cloudBuildWarnAfter":1590019200000,"defaultNode10After":1594252800000,"minVersion":"3.0.5","node8DeploysDisabledAfter":1613390400000,"node8RuntimeDisabledAfter":1615809600000,"node8WarnAfter":1600128000000}
[info] 
=== Project Setup
[info] 
[info] First, let's associate this project directory with a Firebase project.
[info] You can create multiple project aliases by running firebase use --add, 
[info] but for now we'll just set up a default project.
[info] 
[debug] [2025-11-27T09:25:37.886Z] Checked if tokens are valid: false, expires at: 1751758641139
[debug] [2025-11-27T09:25:37.887Z] Checked if tokens are valid: false, expires at: 1751758641139
[debug] [2025-11-27T09:25:37.887Z] > refreshing access token with scopes: []
[debug] [2025-11-27T09:25:37.889Z] >>> [apiv2][query] POST https://www.googleapis.com/oauth2/v3/token [none]
[debug] [2025-11-27T09:25:37.889Z] >>> [apiv2][body] POST https://www.googleapis.com/oauth2/v3/token [omitted]
[debug] [2025-11-27T09:25:38.596Z] <<< [apiv2][status] POST https://www.googleapis.com/oauth2/v3/token 200
[debug] [2025-11-27T09:25:38.596Z] <<< [apiv2][body] POST https://www.googleapis.com/oauth2/v3/token [omitted]
[debug] [2025-11-27T09:25:38.612Z] >>> [apiv2][query] GET https://firebase.googleapis.com/v1beta1/projects pageSize=100
[debug] [2025-11-27T09:25:39.372Z] <<< [apiv2][status] GET https://firebase.googleapis.com/v1beta1/projects 200
[debug] [2025-11-27T09:25:39.372Z] <<< [apiv2][body] GET https://firebase.googleapis.com/v1beta1/projects [omitted]
[info] i  Using project halqatmoza (HalqatMoza) 
[info] 
=== Hosting Setup
[debug] [2025-11-27T09:25:43.423Z] Checked if tokens are valid: true, expires at: 1764239137596
[debug] [2025-11-27T09:25:43.423Z] Checked if tokens are valid: true, expires at: 1764239137596
[debug] [2025-11-27T09:25:43.424Z] >>> [apiv2][query] GET https://firebase.googleapis.com/v1beta1/projects/halqatmoza [none]
[debug] [2025-11-27T09:25:43.760Z] <<< [apiv2][status] GET https://firebase.googleapis.com/v1beta1/projects/halqatmoza 200
[debug] [2025-11-27T09:25:43.760Z] <<< [apiv2][body] GET https://firebase.googleapis.com/v1beta1/projects/halqatmoza {"projectId":"halqatmoza","projectNumber":"149349937676","displayName":"HalqatMoza","name":"projects/halqatmoza","resources":{"hostingSite":"halqatmoza"},"state":"ACTIVE","etag":"1_7d2b4cca-d286-4d00-a756-d29967a51eae"}
[info] 
[info] Your public directory is the folder (relative to your project directory) that
[info] will contain Hosting assets to be uploaded with firebase deploy. If you
[info] have a build process for your assets, use your build's output directory.
[info] 
